<?xml version="1.0" encoding="UTF-8"?>
<testng-results total="1" passed="1" failed="0" skipped="0">
  <reporter-output>
  </reporter-output>
  <suite started-at="2023-12-01T13:41:37Z" name="All Test Suite" finished-at="2023-12-01T13:43:21Z" duration-ms="104523">
    <groups>
    </groups>
    <test started-at="2023-12-01T13:41:37Z" name="R3_Test_Automation" finished-at="2023-12-01T13:43:21Z" duration-ms="104523">
      <class name="com.r3.testcases.ActionsKeywords">
        <test-method is-config="true" signature="setupExtentReport()[pri:0, instance:com.r3.testcases.ActionsKeywords@6328d34a]" started-at="2023-12-01T13:41:36Z" name="setupExtentReport" finished-at="2023-12-01T13:41:37Z" duration-ms="389" status="PASS">
        </test-method> <!-- setupExtentReport -->
        <test-method is-config="true" signature="startWebDriverAndBrowser()[pri:0, instance:com.r3.testcases.ActionsKeywords@6328d34a]" started-at="2023-12-01T13:41:37Z" name="startWebDriverAndBrowser" finished-at="2023-12-01T13:41:59Z" duration-ms="22381" status="PASS">
        </test-method> <!-- startWebDriverAndBrowser -->
        <test-method signature="keywordEngine()[pri:1, instance:com.r3.testcases.ActionsKeywords@6328d34a]" started-at="2023-12-01T13:41:59Z" name="keywordEngine" finished-at="2023-12-01T13:43:21Z" duration-ms="82130" status="PASS">
        </test-method> <!-- keywordEngine -->
        <test-method is-config="true" signature="tearDownExtentReport()[pri:0, instance:com.r3.testcases.ActionsKeywords@6328d34a]" started-at="2023-12-01T13:43:21Z" name="tearDownExtentReport" finished-at="2023-12-01T13:43:22Z" duration-ms="693" status="PASS">
        </test-method> <!-- tearDownExtentReport -->
      </class> <!-- com.r3.testcases.ActionsKeywords -->
    </test> <!-- R3_Test_Automation -->
  </suite> <!-- All Test Suite -->
</testng-results>
