<?xml version="1.0" encoding="UTF-8"?>
<testng-results total="1" passed="1" failed="0" skipped="0">
  <reporter-output>
  </reporter-output>
  <suite started-at="2023-11-27T19:52:36Z" name="All Test Suite" finished-at="2023-11-27T19:54:15Z" duration-ms="99209">
    <groups>
    </groups>
    <test started-at="2023-11-27T19:52:36Z" name="R3_Test_Automation" finished-at="2023-11-27T19:54:15Z" duration-ms="99209">
      <class name="com.r3.testcases.ActionsKeywords">
        <test-method is-config="true" signature="setupExtentReport()[pri:0, instance:com.r3.testcases.ActionsKeywords@6328d34a]" started-at="2023-11-27T19:52:35Z" name="setupExtentReport" finished-at="2023-11-27T19:52:36Z" duration-ms="411" status="PASS">
        </test-method> <!-- setupExtentReport -->
        <test-method is-config="true" signature="startWebDriverAndBrowser()[pri:0, instance:com.r3.testcases.ActionsKeywords@6328d34a]" started-at="2023-11-27T19:52:36Z" name="startWebDriverAndBrowser" finished-at="2023-11-27T19:52:46Z" duration-ms="10552" status="PASS">
        </test-method> <!-- startWebDriverAndBrowser -->
        <test-method signature="keywordEngine()[pri:1, instance:com.r3.testcases.ActionsKeywords@6328d34a]" started-at="2023-11-27T19:52:46Z" name="keywordEngine" finished-at="2023-11-27T19:54:15Z" duration-ms="88643" status="PASS">
        </test-method> <!-- keywordEngine -->
        <test-method is-config="true" signature="tearDownExtentReport()[pri:0, instance:com.r3.testcases.ActionsKeywords@6328d34a]" started-at="2023-11-27T19:54:15Z" name="tearDownExtentReport" finished-at="2023-11-27T19:54:15Z" duration-ms="620" status="PASS">
        </test-method> <!-- tearDownExtentReport -->
      </class> <!-- com.r3.testcases.ActionsKeywords -->
    </test> <!-- R3_Test_Automation -->
  </suite> <!-- All Test Suite -->
</testng-results>
